2024-03-06 16:46:35	WARNING	Working....
2024-03-06 16:46:35	NOTICE	Working....
2024-03-06 16:46:35	INFO	Working....
2024-03-06 16:46:35	DEBUG	Working....
2024-03-06 16:46:35	[NOLEVEL]	Working....
2024-03-06 16:46:35	[NOLEVEL]	Working....
2024-03-06 16:46:35	ERROR	Llamada a la funcion SetAcessor
2024-03-06 16:46:35	ERROR	Llamada a la funcion SetAcessor
2024-03-06 16:46:35	ERROR	Llamada a la funcion SetAcessor
2024-03-06 16:46:35	ERROR	Llamada a la funcion SetAcessor
2024-03-06 16:46:35	ERROR	Llamada a la funcion SetAcessor
2024-03-06 16:46:35	ERROR	Llamada a la funcion SetAcessor
2024-03-06 16:46:35	ERROR	Llamada a la funcion SetAcessor
2024-03-06 16:46:35	ERROR	Llamada a la funcion SetAcessor
2024-03-06 16:46:35	ERROR	Llamada a la funcion SetAcessor
2024-03-06 16:46:35	ERROR	Llamada a la funcion SetAcessor
2024-03-06 16:46:35	ERROR	Llamada a la funcion SetAcessor
2024-03-06 16:46:35	ERROR	Llamada a la funcion SetAcessor
2024-03-06 16:46:35	ERROR	Llamada a la funcion SetAcessor
2024-03-06 16:46:35	ERROR	Llamada a la funcion SetAcessor
2024-03-06 16:46:35	ERROR	Llamada a la funcion SetAcessor
2024-03-06 16:46:35	ERROR	Llamada a la funcion SetAcessor
2024-03-06 16:46:35	ERROR	Llamada a la funcion SetAcessor
2024-03-06 16:46:35	ERROR	Llamada a la funcion SetAcessor
2024-03-06 16:46:35	ERROR	Llamada a la funcion SetAcessor
2024-03-06 16:46:35	ERROR	Llamada a la funcion SetAcessor
2024-03-06 16:46:35	ERROR	Llamada a la funcion SetAcessor
2024-03-06 16:46:35	ERROR	Llamada a la funcion SetAcessor
2024-03-06 16:46:35	ERROR	Llamada a la funcion SetAcessor
2024-03-06 16:46:35	ERROR	Llamada a la funcion SetAcessor
2024-03-06 16:46:35	ERROR	Llamada a la funcion SetAcessor
2024-03-06 16:46:35	ERROR	Llamada a la funcion SetAcessor
2024-03-06 16:46:35	DEBUG	SE HA INSERTADO
2024-03-06 16:46:35	DEBUG	SE HA INSERTADO
2024-03-06 16:46:35	DEBUG	SE HA INSERTADO
2024-03-06 16:46:35	WARNING	Usuario borrado 
2024-03-06 16:46:35	ERROR	Llamada a la funcion SetAcessor
2024-03-06 16:46:35	ERROR	Llamada a la funcion SetAcessor
2024-03-06 16:46:35	ERROR	Llamada a la funcion SetAcessor
2024-03-06 16:46:35	ERROR	Llamada a la funcion SetAcessor
2024-03-06 16:46:35	ERROR	Llamada a la funcion SetAcessor
2024-03-06 16:46:35	ERROR	Llamada a la funcion SetAcessor
2024-03-06 16:46:35	ERROR	Llamada a la funcion SetAcessor
2024-03-06 16:46:35	ERROR	Llamada a la funcion SetAcessor
2024-03-06 16:46:35	ERROR	Llamada a la funcion SetAcessor
2024-03-06 16:46:35	WARNING	Usuario borrado 
2024-03-06 16:46:35	ERROR	Llamada a la funcion SetAcessor
2024-03-06 16:46:35	ERROR	Llamada a la funcion SetAcessor
2024-03-06 16:46:35	ERROR	Llamada a la funcion SetAcessor
2024-03-06 16:46:35	ERROR	Llamada a la funcion SetAcessor
2024-03-06 16:46:35	ERROR	Llamada a la funcion SetAcessor
2024-03-06 16:46:35	ERROR	Llamada a la funcion SetAcessor
2024-03-06 16:46:35	ERROR	Llamada a la funcion SetAcessor
2024-03-06 16:46:35	ERROR	Llamada a la funcion SetAcessor
2024-03-06 16:46:35	ERROR	Llamada a la funcion SetAcessor
2024-03-06 16:46:35	WARNING	Usuario borrado 
2024-03-06 16:46:35	ERROR	Llamada a la funcion SetAcessor
2024-03-06 16:46:35	ERROR	Llamada a la funcion SetAcessor
2024-03-06 16:46:35	ERROR	Llamada a la funcion SetAcessor
2024-03-06 16:46:35	ERROR	Llamada a la funcion SetAcessor
2024-03-06 16:46:35	ERROR	Llamada a la funcion SetAcessor
2024-03-06 16:46:35	ERROR	Llamada a la funcion SetAcessor
2024-03-06 16:46:35	ERROR	Llamada a la funcion SetAcessor
2024-03-06 16:46:35	ERROR	Llamada a la funcion SetAcessor
2024-03-06 16:46:35	ERROR	Llamada a la funcion SetAcessor
2024-03-06 16:46:35	INFO	Se ha actualizado el usuario
2024-03-06 16:46:35	INFO	Se ha actualizado el usuario
2024-03-06 16:46:35	INFO	Se ha actualizado el usuario
2024-03-06 16:46:35	NOTICE	Marcamos el usuario que queremos borrar
2024-03-06 16:46:35	WARNING	Usuario borrado 
2024-03-06 16:46:35	NOTICE	Marcamos el usuario que queremos borrar
2024-03-06 16:46:35	WARNING	Usuario borrado 
2024-03-06 16:46:35	NOTICE	Marcamos el usuario que queremos borrar
2024-03-06 16:46:35	WARNING	Usuario borrado 
